Analysis & Synthesis report for HW3
Wed May 27 16:30:00 2020
Quartus Prime Version 18.1.0 Build 625 09/12/2018 SJ Lite Edition


---------------------
; Table of Contents ;
---------------------
  1. Legal Notice
  2. Analysis & Synthesis Summary
  3. Analysis & Synthesis Settings
  4. Parallel Compilation
  5. Analysis & Synthesis Source Files Read
  6. Analysis & Synthesis Resource Usage Summary
  7. Analysis & Synthesis Resource Utilization by Entity
  8. State Machine - |I2C|step_count
  9. State Machine - |I2C|next_state
 10. State Machine - |I2C|state
 11. Registers Removed During Synthesis
 12. Removed Registers Triggering Further Register Optimizations
 13. General Register Statistics
 14. Inverted Register Statistics
 15. Multiplexer Restructuring Statistics (Restructuring Performed)
 16. Parameter Settings for User Entity Instance: Top-level Entity: |I2C
 17. Post-Synthesis Netlist Statistics for Top Partition
 18. Elapsed Time Per Partition
 19. Analysis & Synthesis Messages



----------------
; Legal Notice ;
----------------
Copyright (C) 2018  Intel Corporation. All rights reserved.
Your use of Intel Corporation's design tools, logic functions 
and other software and tools, and its AMPP partner logic 
functions, and any output files from any of the foregoing 
(including device programming or simulation files), and any 
associated documentation or information are expressly subject 
to the terms and conditions of the Intel Program License 
Subscription Agreement, the Intel Quartus Prime License Agreement,
the Intel FPGA IP License Agreement, or other applicable license
agreement, including, without limitation, that your use is for
the sole purpose of programming logic devices manufactured by
Intel and sold by Intel or its authorized distributors.  Please
refer to the applicable agreement for further details.



+----------------------------------------------------------------------------------+
; Analysis & Synthesis Summary                                                     ;
+------------------------------------+---------------------------------------------+
; Analysis & Synthesis Status        ; Successful - Wed May 27 16:30:00 2020       ;
; Quartus Prime Version              ; 18.1.0 Build 625 09/12/2018 SJ Lite Edition ;
; Revision Name                      ; HW3                                         ;
; Top-level Entity Name              ; I2C                                         ;
; Family                             ; Cyclone IV E                                ;
; Total logic elements               ; 131                                         ;
;     Total combinational functions  ; 123                                         ;
;     Dedicated logic registers      ; 88                                          ;
; Total registers                    ; 88                                          ;
; Total pins                         ; 23                                          ;
; Total virtual pins                 ; 0                                           ;
; Total memory bits                  ; 0                                           ;
; Embedded Multiplier 9-bit elements ; 0                                           ;
; Total PLLs                         ; 0                                           ;
+------------------------------------+---------------------------------------------+


+------------------------------------------------------------------------------------------------------------+
; Analysis & Synthesis Settings                                                                              ;
+------------------------------------------------------------------+--------------------+--------------------+
; Option                                                           ; Setting            ; Default Value      ;
+------------------------------------------------------------------+--------------------+--------------------+
; Device                                                           ; EP4CE115F29C7      ;                    ;
; Top-level entity name                                            ; I2C                ; HW3                ;
; Family name                                                      ; Cyclone IV E       ; Cyclone V          ;
; Use smart compilation                                            ; Off                ; Off                ;
; Enable parallel Assembler and Timing Analyzer during compilation ; On                 ; On                 ;
; Enable compact report table                                      ; Off                ; Off                ;
; Restructure Multiplexers                                         ; Auto               ; Auto               ;
; Create Debugging Nodes for IP Cores                              ; Off                ; Off                ;
; Preserve fewer node names                                        ; On                 ; On                 ;
; Intel FPGA IP Evaluation Mode                                    ; Enable             ; Enable             ;
; Verilog Version                                                  ; Verilog_2001       ; Verilog_2001       ;
; VHDL Version                                                     ; VHDL_1993          ; VHDL_1993          ;
; State Machine Processing                                         ; Auto               ; Auto               ;
; Safe State Machine                                               ; Off                ; Off                ;
; Extract Verilog State Machines                                   ; On                 ; On                 ;
; Extract VHDL State Machines                                      ; On                 ; On                 ;
; Ignore Verilog initial constructs                                ; Off                ; Off                ;
; Iteration limit for constant Verilog loops                       ; 5000               ; 5000               ;
; Iteration limit for non-constant Verilog loops                   ; 250                ; 250                ;
; Add Pass-Through Logic to Inferred RAMs                          ; On                 ; On                 ;
; Infer RAMs from Raw Logic                                        ; On                 ; On                 ;
; Parallel Synthesis                                               ; On                 ; On                 ;
; DSP Block Balancing                                              ; Auto               ; Auto               ;
; NOT Gate Push-Back                                               ; On                 ; On                 ;
; Power-Up Don't Care                                              ; On                 ; On                 ;
; Remove Redundant Logic Cells                                     ; Off                ; Off                ;
; Remove Duplicate Registers                                       ; On                 ; On                 ;
; Ignore CARRY Buffers                                             ; Off                ; Off                ;
; Ignore CASCADE Buffers                                           ; Off                ; Off                ;
; Ignore GLOBAL Buffers                                            ; Off                ; Off                ;
; Ignore ROW GLOBAL Buffers                                        ; Off                ; Off                ;
; Ignore LCELL Buffers                                             ; Off                ; Off                ;
; Ignore SOFT Buffers                                              ; On                 ; On                 ;
; Limit AHDL Integers to 32 Bits                                   ; Off                ; Off                ;
; Optimization Technique                                           ; Balanced           ; Balanced           ;
; Carry Chain Length                                               ; 70                 ; 70                 ;
; Auto Carry Chains                                                ; On                 ; On                 ;
; Auto Open-Drain Pins                                             ; On                 ; On                 ;
; Perform WYSIWYG Primitive Resynthesis                            ; Off                ; Off                ;
; Auto ROM Replacement                                             ; On                 ; On                 ;
; Auto RAM Replacement                                             ; On                 ; On                 ;
; Auto DSP Block Replacement                                       ; On                 ; On                 ;
; Auto Shift Register Replacement                                  ; Auto               ; Auto               ;
; Allow Shift Register Merging across Hierarchies                  ; Auto               ; Auto               ;
; Auto Clock Enable Replacement                                    ; On                 ; On                 ;
; Strict RAM Replacement                                           ; Off                ; Off                ;
; Allow Synchronous Control Signals                                ; On                 ; On                 ;
; Force Use of Synchronous Clear Signals                           ; Off                ; Off                ;
; Auto RAM Block Balancing                                         ; On                 ; On                 ;
; Auto RAM to Logic Cell Conversion                                ; Off                ; Off                ;
; Auto Resource Sharing                                            ; Off                ; Off                ;
; Allow Any RAM Size For Recognition                               ; Off                ; Off                ;
; Allow Any ROM Size For Recognition                               ; Off                ; Off                ;
; Allow Any Shift Register Size For Recognition                    ; Off                ; Off                ;
; Use LogicLock Constraints during Resource Balancing              ; On                 ; On                 ;
; Ignore translate_off and synthesis_off directives                ; Off                ; Off                ;
; Timing-Driven Synthesis                                          ; On                 ; On                 ;
; Report Parameter Settings                                        ; On                 ; On                 ;
; Report Source Assignments                                        ; On                 ; On                 ;
; Report Connectivity Checks                                       ; On                 ; On                 ;
; Ignore Maximum Fan-Out Assignments                               ; Off                ; Off                ;
; Synchronization Register Chain Length                            ; 2                  ; 2                  ;
; Power Optimization During Synthesis                              ; Normal compilation ; Normal compilation ;
; HDL message level                                                ; Level2             ; Level2             ;
; Suppress Register Optimization Related Messages                  ; Off                ; Off                ;
; Number of Removed Registers Reported in Synthesis Report         ; 5000               ; 5000               ;
; Number of Swept Nodes Reported in Synthesis Report               ; 5000               ; 5000               ;
; Number of Inverted Registers Reported in Synthesis Report        ; 100                ; 100                ;
; Clock MUX Protection                                             ; On                 ; On                 ;
; Auto Gated Clock Conversion                                      ; Off                ; Off                ;
; Block Design Naming                                              ; Auto               ; Auto               ;
; SDC constraint protection                                        ; Off                ; Off                ;
; Synthesis Effort                                                 ; Auto               ; Auto               ;
; Shift Register Replacement - Allow Asynchronous Clear Signal     ; On                 ; On                 ;
; Pre-Mapping Resynthesis Optimization                             ; Off                ; Off                ;
; Analysis & Synthesis Message Level                               ; Medium             ; Medium             ;
; Disable Register Merging Across Hierarchies                      ; Auto               ; Auto               ;
; Resource Aware Inference For Block RAM                           ; On                 ; On                 ;
+------------------------------------------------------------------+--------------------+--------------------+


+------------------------------------------+
; Parallel Compilation                     ;
+----------------------------+-------------+
; Processors                 ; Number      ;
+----------------------------+-------------+
; Number detected on machine ; 4           ;
; Maximum allowed            ; 2           ;
;                            ;             ;
; Average used               ; 1.00        ;
; Maximum used               ; 2           ;
;                            ;             ;
; Usage by Processor         ; % Time Used ;
;     Processor 1            ; 100.0%      ;
;     Processor 2            ;   0.0%      ;
+----------------------------+-------------+


+----------------------------------------------------------------------------------------------------------------------+
; Analysis & Synthesis Source Files Read                                                                               ;
+----------------------------------+-----------------+------------------------+------------------------------+---------+
; File Name with User-Entered Path ; Used in Netlist ; File Type              ; File Name with Absolute Path ; Library ;
+----------------------------------+-----------------+------------------------+------------------------------+---------+
; I2C.v                            ; yes             ; User Verilog HDL File  ; D:/QuartusCode/HW3/I2C.v     ;         ;
+----------------------------------+-----------------+------------------------+------------------------------+---------+


+---------------------------------------------------------+
; Analysis & Synthesis Resource Usage Summary             ;
+---------------------------------------------+-----------+
; Resource                                    ; Usage     ;
+---------------------------------------------+-----------+
; Estimated Total logic elements              ; 131       ;
;                                             ;           ;
; Total combinational functions               ; 123       ;
; Logic element usage by number of LUT inputs ;           ;
;     -- 4 input functions                    ; 38        ;
;     -- 3 input functions                    ; 13        ;
;     -- <=2 input functions                  ; 72        ;
;                                             ;           ;
; Logic elements by mode                      ;           ;
;     -- normal mode                          ; 61        ;
;     -- arithmetic mode                      ; 62        ;
;                                             ;           ;
; Total registers                             ; 88        ;
;     -- Dedicated logic registers            ; 88        ;
;     -- I/O registers                        ; 0         ;
;                                             ;           ;
; I/O pins                                    ; 23        ;
;                                             ;           ;
; Embedded Multiplier 9-bit elements          ; 0         ;
;                                             ;           ;
; Maximum fan-out node                        ; clk~input ;
; Maximum fan-out                             ; 88        ;
; Total fan-out                               ; 725       ;
; Average fan-out                             ; 2.81      ;
+---------------------------------------------+-----------+


+----------------------------------------------------------------------------------------------------------------------------------------------------------------------------------------------------------+
; Analysis & Synthesis Resource Utilization by Entity                                                                                                                                                      ;
+----------------------------+---------------------+---------------------------+-------------+--------------+---------+-----------+------+--------------+---------------------+-------------+--------------+
; Compilation Hierarchy Node ; Combinational ALUTs ; Dedicated Logic Registers ; Memory Bits ; DSP Elements ; DSP 9x9 ; DSP 18x18 ; Pins ; Virtual Pins ; Full Hierarchy Name ; Entity Name ; Library Name ;
+----------------------------+---------------------+---------------------------+-------------+--------------+---------+-----------+------+--------------+---------------------+-------------+--------------+
; |I2C                       ; 123 (123)           ; 88 (88)                   ; 0           ; 0            ; 0       ; 0         ; 23   ; 0            ; |I2C                ; I2C         ; work         ;
+----------------------------+---------------------+---------------------------+-------------+--------------+---------+-----------+------+--------------+---------------------+-------------+--------------+
Note: For table entries with two numbers listed, the numbers in parentheses indicate the number of resources of the given type used by the specific entity alone. The numbers listed outside of parentheses indicate the total resources of the given type used by the specific entity and all of its sub-entities in the hierarchy.


Encoding Type:  One-Hot
+-------------------------------------------------------------------------------------------------------------------------------------------------------------------------------------------------------------------------------------------------------------------------------------------------------------------------------------------------------------------------------+
; State Machine - |I2C|step_count                                                                                                                                                                                                                                                                                                                                               ;
+---------------------------------------------+---------------------------------------------+---------------------------------------------+---------------------------------------------+---------------------------------------------+---------------------------------------------+---------------------------------------------+---------------------------------------------+
; Name                                        ; step_count.00000000000000000000000000000110 ; step_count.00000000000000000000000000000101 ; step_count.00000000000000000000000000000100 ; step_count.00000000000000000000000000000011 ; step_count.00000000000000000000000000000010 ; step_count.00000000000000000000000000000001 ; step_count.00000000000000000000000000000000 ;
+---------------------------------------------+---------------------------------------------+---------------------------------------------+---------------------------------------------+---------------------------------------------+---------------------------------------------+---------------------------------------------+---------------------------------------------+
; step_count.00000000000000000000000000000000 ; 0                                           ; 0                                           ; 0                                           ; 0                                           ; 0                                           ; 0                                           ; 0                                           ;
; step_count.00000000000000000000000000000001 ; 0                                           ; 0                                           ; 0                                           ; 0                                           ; 0                                           ; 1                                           ; 1                                           ;
; step_count.00000000000000000000000000000010 ; 0                                           ; 0                                           ; 0                                           ; 0                                           ; 1                                           ; 0                                           ; 1                                           ;
; step_count.00000000000000000000000000000011 ; 0                                           ; 0                                           ; 0                                           ; 1                                           ; 0                                           ; 0                                           ; 1                                           ;
; step_count.00000000000000000000000000000100 ; 0                                           ; 0                                           ; 1                                           ; 0                                           ; 0                                           ; 0                                           ; 1                                           ;
; step_count.00000000000000000000000000000101 ; 0                                           ; 1                                           ; 0                                           ; 0                                           ; 0                                           ; 0                                           ; 1                                           ;
; step_count.00000000000000000000000000000110 ; 1                                           ; 0                                           ; 0                                           ; 0                                           ; 0                                           ; 0                                           ; 1                                           ;
+---------------------------------------------+---------------------------------------------+---------------------------------------------+---------------------------------------------+---------------------------------------------+---------------------------------------------+---------------------------------------------+---------------------------------------------+


Encoding Type:  One-Hot
+----------------------------------------------------------------------------------------------------------------------------------------------------------------------------------------------------+
; State Machine - |I2C|next_state                                                                                                                                                                    ;
+-------------------------+-----------------+---------------------+-----------------+------------------------+-------------------------+-------------------------+-----------------+-----------------+
; Name                    ; next_state.stop ; next_state.wait_ack ; next_state.Data ; next_state.address_low ; next_state.address_high ; next_state.control_btye ; next_state.idle ; next_state.star ;
+-------------------------+-----------------+---------------------+-----------------+------------------------+-------------------------+-------------------------+-----------------+-----------------+
; next_state.star         ; 0               ; 0                   ; 0               ; 0                      ; 0                       ; 0                       ; 0               ; 0               ;
; next_state.idle         ; 0               ; 0                   ; 0               ; 0                      ; 0                       ; 0                       ; 1               ; 1               ;
; next_state.control_btye ; 0               ; 0                   ; 0               ; 0                      ; 0                       ; 1                       ; 0               ; 1               ;
; next_state.address_high ; 0               ; 0                   ; 0               ; 0                      ; 1                       ; 0                       ; 0               ; 1               ;
; next_state.address_low  ; 0               ; 0                   ; 0               ; 1                      ; 0                       ; 0                       ; 0               ; 1               ;
; next_state.Data         ; 0               ; 0                   ; 1               ; 0                      ; 0                       ; 0                       ; 0               ; 1               ;
; next_state.wait_ack     ; 0               ; 1                   ; 0               ; 0                      ; 0                       ; 0                       ; 0               ; 1               ;
; next_state.stop         ; 1               ; 0                   ; 0               ; 0                      ; 0                       ; 0                       ; 0               ; 1               ;
+-------------------------+-----------------+---------------------+-----------------+------------------------+-------------------------+-------------------------+-----------------+-----------------+


Encoding Type:  One-Hot
+-------------------------------------------------------------------------------------------------------------------------------------------------------+
; State Machine - |I2C|state                                                                                                                            ;
+--------------------+------------+----------------+------------+-------------------+--------------------+--------------------+------------+------------+
; Name               ; state.stop ; state.wait_ack ; state.Data ; state.address_low ; state.address_high ; state.control_btye ; state.star ; state.idle ;
+--------------------+------------+----------------+------------+-------------------+--------------------+--------------------+------------+------------+
; state.idle         ; 0          ; 0              ; 0          ; 0                 ; 0                  ; 0                  ; 0          ; 0          ;
; state.star         ; 0          ; 0              ; 0          ; 0                 ; 0                  ; 0                  ; 1          ; 1          ;
; state.control_btye ; 0          ; 0              ; 0          ; 0                 ; 0                  ; 1                  ; 0          ; 1          ;
; state.address_high ; 0          ; 0              ; 0          ; 0                 ; 1                  ; 0                  ; 0          ; 1          ;
; state.address_low  ; 0          ; 0              ; 0          ; 1                 ; 0                  ; 0                  ; 0          ; 1          ;
; state.Data         ; 0          ; 0              ; 1          ; 0                 ; 0                  ; 0                  ; 0          ; 1          ;
; state.wait_ack     ; 0          ; 1              ; 0          ; 0                 ; 0                  ; 0                  ; 0          ; 1          ;
; state.stop         ; 1          ; 0              ; 0          ; 0                 ; 0                  ; 0                  ; 0          ; 1          ;
+--------------------+------------+----------------+------------+-------------------+--------------------+--------------------+------------+------------+


+--------------------------------------------------------------------------------------+
; Registers Removed During Synthesis                                                   ;
+---------------------------------------------+----------------------------------------+
; Register name                               ; Reason for Removal                     ;
+---------------------------------------------+----------------------------------------+
; temp_data[0..30]                            ; Merged with temp_data[31]              ;
; temp_data[31]                               ; Stuck at GND due to stuck port data_in ;
; step_count~4                                ; Lost fanout                            ;
; step_count~5                                ; Lost fanout                            ;
; step_count~6                                ; Lost fanout                            ;
; step_count~7                                ; Lost fanout                            ;
; step_count~8                                ; Lost fanout                            ;
; step_count~9                                ; Lost fanout                            ;
; step_count~10                               ; Lost fanout                            ;
; step_count~11                               ; Lost fanout                            ;
; step_count~12                               ; Lost fanout                            ;
; step_count~13                               ; Lost fanout                            ;
; step_count~14                               ; Lost fanout                            ;
; step_count~15                               ; Lost fanout                            ;
; step_count~16                               ; Lost fanout                            ;
; step_count~17                               ; Lost fanout                            ;
; step_count~18                               ; Lost fanout                            ;
; step_count~19                               ; Lost fanout                            ;
; step_count~20                               ; Lost fanout                            ;
; step_count~21                               ; Lost fanout                            ;
; step_count~22                               ; Lost fanout                            ;
; step_count~23                               ; Lost fanout                            ;
; step_count~24                               ; Lost fanout                            ;
; step_count~25                               ; Lost fanout                            ;
; step_count~26                               ; Lost fanout                            ;
; step_count~27                               ; Lost fanout                            ;
; step_count~28                               ; Lost fanout                            ;
; step_count~29                               ; Lost fanout                            ;
; step_count~30                               ; Lost fanout                            ;
; step_count~31                               ; Lost fanout                            ;
; step_count~32                               ; Lost fanout                            ;
; step_count~33                               ; Lost fanout                            ;
; step_count~34                               ; Lost fanout                            ;
; step_count~35                               ; Lost fanout                            ;
; next_state~7                                ; Lost fanout                            ;
; next_state~8                                ; Lost fanout                            ;
; next_state~9                                ; Lost fanout                            ;
; state~20                                    ; Lost fanout                            ;
; state~21                                    ; Lost fanout                            ;
; state~22                                    ; Lost fanout                            ;
; step_count.00000000000000000000000000000000 ; Lost fanout                            ;
; step_count.00000000000000000000000000000001 ; Lost fanout                            ;
; step_count.00000000000000000000000000000110 ; Lost fanout                            ;
; Total Number of Removed Registers = 73      ;                                        ;
+---------------------------------------------+----------------------------------------+


+----------------------------------------------------------------------------------+
; Removed Registers Triggering Further Register Optimizations                      ;
+---------------+--------------------+---------------------------------------------+
; Register name ; Reason for Removal ; Registers Removed due to This Register      ;
+---------------+--------------------+---------------------------------------------+
; step_count~5  ; Lost Fanouts       ; step_count.00000000000000000000000000000110 ;
+---------------+--------------------+---------------------------------------------+


+------------------------------------------------------+
; General Register Statistics                          ;
+----------------------------------------------+-------+
; Statistic                                    ; Value ;
+----------------------------------------------+-------+
; Total registers                              ; 88    ;
; Number of registers using Synchronous Clear  ; 64    ;
; Number of registers using Synchronous Load   ; 0     ;
; Number of registers using Asynchronous Clear ; 88    ;
; Number of registers using Asynchronous Load  ; 0     ;
; Number of registers using Clock Enable       ; 38    ;
; Number of registers using Preset             ; 0     ;
+----------------------------------------------+-------+


+--------------------------------------------------+
; Inverted Register Statistics                     ;
+----------------------------------------+---------+
; Inverted Register                      ; Fan out ;
+----------------------------------------+---------+
; SCL~reg0                               ; 1       ;
; SDA_out                                ; 2       ;
; isout                                  ; 1       ;
; Total number of inverted registers = 3 ;         ;
+----------------------------------------+---------+


+------------------------------------------------------------------------------------------------------------------------------------------+
; Multiplexer Restructuring Statistics (Restructuring Performed)                                                                           ;
+--------------------+-----------+---------------+----------------------+------------------------+------------+----------------------------+
; Multiplexer Inputs ; Bus Width ; Baseline Area ; Area if Restructured ; Saving if Restructured ; Registered ; Example Multiplexer Output ;
+--------------------+-----------+---------------+----------------------+------------------------+------------+----------------------------+
; 3:1                ; 32 bits   ; 64 LEs        ; 32 LEs               ; 32 LEs                 ; Yes        ; |I2C|cnt_freq[25]          ;
; 5:1                ; 32 bits   ; 96 LEs        ; 32 LEs               ; 64 LEs                 ; Yes        ; |I2C|bit_count[7]          ;
; 7:1                ; 6 bits    ; 24 LEs        ; 6 LEs                ; 18 LEs                 ; No         ; |I2C|state                 ;
+--------------------+-----------+---------------+----------------------+------------------------+------------+----------------------------+


+---------------------------------------------------------------------+
; Parameter Settings for User Entity Instance: Top-level Entity: |I2C ;
+----------------+-------+--------------------------------------------+
; Parameter Name ; Value ; Type                                       ;
+----------------+-------+--------------------------------------------+
; idle           ; 0     ; Signed Integer                             ;
; star           ; 1     ; Signed Integer                             ;
; control_btye   ; 2     ; Signed Integer                             ;
; address_high   ; 3     ; Signed Integer                             ;
; address_low    ; 4     ; Signed Integer                             ;
; Data           ; 5     ; Signed Integer                             ;
; wait_ack       ; 6     ; Signed Integer                             ;
; stop           ; 7     ; Signed Integer                             ;
+----------------+-------+--------------------------------------------+
Note: In order to hide this table in the UI and the text report file, please set the "Show Parameter Settings in Synthesis Report" option in "Analysis and Synthesis Settings -> More Settings" to "Off".


+-----------------------------------------------------+
; Post-Synthesis Netlist Statistics for Top Partition ;
+-----------------------+-----------------------------+
; Type                  ; Count                       ;
+-----------------------+-----------------------------+
; boundary_port         ; 23                          ;
; cycloneiii_ff         ; 88                          ;
;     CLR               ; 18                          ;
;     CLR SCLR          ; 32                          ;
;     ENA CLR           ; 6                           ;
;     ENA CLR SCLR      ; 32                          ;
; cycloneiii_io_obuf    ; 1                           ;
; cycloneiii_lcell_comb ; 125                         ;
;     arith             ; 62                          ;
;         2 data inputs ; 62                          ;
;     normal            ; 63                          ;
;         0 data inputs ; 1                           ;
;         1 data inputs ; 4                           ;
;         2 data inputs ; 7                           ;
;         3 data inputs ; 13                          ;
;         4 data inputs ; 38                          ;
;                       ;                             ;
; Max LUT depth         ; 7.00                        ;
; Average LUT depth     ; 3.99                        ;
+-----------------------+-----------------------------+


+-------------------------------+
; Elapsed Time Per Partition    ;
+----------------+--------------+
; Partition Name ; Elapsed Time ;
+----------------+--------------+
; Top            ; 00:00:00     ;
+----------------+--------------+


+-------------------------------+
; Analysis & Synthesis Messages ;
+-------------------------------+
Info: *******************************************************************
Info: Running Quartus Prime Analysis & Synthesis
    Info: Version 18.1.0 Build 625 09/12/2018 SJ Lite Edition
    Info: Processing started: Wed May 27 16:29:45 2020
Info: Command: quartus_map --read_settings_files=on --write_settings_files=off HW3 -c HW3
Warning (18236): Number of processors has not been specified which may cause overloading on shared machines.  Set the global assignment NUM_PARALLEL_PROCESSORS in your QSF to an appropriate value for best performance.
Info (20030): Parallel compilation is enabled and will use 2 of the 2 processors detected
Info (12021): Found 1 design units, including 1 entities, in source file edge_detect.v
    Info (12023): Found entity 1: edge_detect File: D:/QuartusCode/HW3/edge_detect.v Line: 1
Info (12021): Found 1 design units, including 1 entities, in source file 8051/m24aa256.v
    Info (12023): Found entity 1: M24AA256 File: D:/QuartusCode/HW3/8051/M24AA256.v Line: 81
Info (12021): Found 1 design units, including 1 entities, in source file i2c.v
    Info (12023): Found entity 1: I2C File: D:/QuartusCode/HW3/I2C.v Line: 1
Info (12021): Found 1 design units, including 1 entities, in source file hw3.v
    Info (12023): Found entity 1: HW3 File: D:/QuartusCode/HW3/HW3.v Line: 1
Warning (10236): Verilog HDL Implicit Net warning at edge_detect.v(17): created implicit net for "fail_pos_edge" File: D:/QuartusCode/HW3/edge_detect.v Line: 17
Info (12127): Elaborating entity "I2C" for the top level hierarchy
Warning (10036): Verilog HDL or VHDL warning at I2C.v(41): object "Status_wr" assigned a value but never read File: D:/QuartusCode/HW3/I2C.v Line: 41
Warning (10036): Verilog HDL or VHDL warning at I2C.v(44): object "write" assigned a value but never read File: D:/QuartusCode/HW3/I2C.v Line: 44
Warning (10036): Verilog HDL or VHDL warning at I2C.v(45): object "read" assigned a value but never read File: D:/QuartusCode/HW3/I2C.v Line: 45
Warning (10230): Verilog HDL assignment warning at I2C.v(68): truncated value with size 32 to match size of target (1) File: D:/QuartusCode/HW3/I2C.v Line: 68
Warning (10230): Verilog HDL assignment warning at I2C.v(69): truncated value with size 32 to match size of target (1) File: D:/QuartusCode/HW3/I2C.v Line: 69
Warning (10230): Verilog HDL assignment warning at I2C.v(70): truncated value with size 32 to match size of target (1) File: D:/QuartusCode/HW3/I2C.v Line: 70
Warning (10230): Verilog HDL assignment warning at I2C.v(75): truncated value with size 32 to match size of target (1) File: D:/QuartusCode/HW3/I2C.v Line: 75
Warning (10230): Verilog HDL assignment warning at I2C.v(76): truncated value with size 32 to match size of target (1) File: D:/QuartusCode/HW3/I2C.v Line: 76
Warning (10230): Verilog HDL assignment warning at I2C.v(77): truncated value with size 32 to match size of target (1) File: D:/QuartusCode/HW3/I2C.v Line: 77
Warning (10230): Verilog HDL assignment warning at I2C.v(78): truncated value with size 32 to match size of target (1) File: D:/QuartusCode/HW3/I2C.v Line: 78
Warning (10034): Output port "I2C_data_out" at I2C.v(24) has no driver File: D:/QuartusCode/HW3/I2C.v Line: 24
Info (13000): Registers with preset signals will power-up high File: D:/QuartusCode/HW3/I2C.v Line: 22
Info (13003): DEV_CLRn pin will set, and not reset, register with preset signal due to NOT Gate Push-Back
Warning (13024): Output pins are stuck at VCC or GND
    Warning (13410): Pin "I2C_sfr_cs" is stuck at GND File: D:/QuartusCode/HW3/I2C.v Line: 25
    Warning (13410): Pin "I2C_data_out[0]" is stuck at GND File: D:/QuartusCode/HW3/I2C.v Line: 24
    Warning (13410): Pin "I2C_data_out[1]" is stuck at GND File: D:/QuartusCode/HW3/I2C.v Line: 24
    Warning (13410): Pin "I2C_data_out[2]" is stuck at GND File: D:/QuartusCode/HW3/I2C.v Line: 24
    Warning (13410): Pin "I2C_data_out[3]" is stuck at GND File: D:/QuartusCode/HW3/I2C.v Line: 24
    Warning (13410): Pin "I2C_data_out[4]" is stuck at GND File: D:/QuartusCode/HW3/I2C.v Line: 24
    Warning (13410): Pin "I2C_data_out[5]" is stuck at GND File: D:/QuartusCode/HW3/I2C.v Line: 24
    Warning (13410): Pin "I2C_data_out[6]" is stuck at GND File: D:/QuartusCode/HW3/I2C.v Line: 24
    Warning (13410): Pin "I2C_data_out[7]" is stuck at GND File: D:/QuartusCode/HW3/I2C.v Line: 24
Info (286030): Timing-Driven Synthesis is running
Info (17049): 41 registers lost all their fanouts during netlist optimizations.
Info (16010): Generating hard_block partition "hard_block:auto_generated_inst"
    Info (16011): Adding 0 node(s), including 0 DDIO, 0 PLL, 0 transceiver and 0 LCELL
Warning (21074): Design contains 10 input pin(s) that do not drive logic
    Warning (15610): No output dependent on input pin "sfr_addr" File: D:/QuartusCode/HW3/I2C.v Line: 17
    Warning (15610): No output dependent on input pin "I2C_data_in[0]" File: D:/QuartusCode/HW3/I2C.v Line: 19
    Warning (15610): No output dependent on input pin "I2C_data_in[1]" File: D:/QuartusCode/HW3/I2C.v Line: 19
    Warning (15610): No output dependent on input pin "I2C_data_in[2]" File: D:/QuartusCode/HW3/I2C.v Line: 19
    Warning (15610): No output dependent on input pin "I2C_data_in[3]" File: D:/QuartusCode/HW3/I2C.v Line: 19
    Warning (15610): No output dependent on input pin "I2C_data_in[4]" File: D:/QuartusCode/HW3/I2C.v Line: 19
    Warning (15610): No output dependent on input pin "I2C_data_in[5]" File: D:/QuartusCode/HW3/I2C.v Line: 19
    Warning (15610): No output dependent on input pin "I2C_data_in[6]" File: D:/QuartusCode/HW3/I2C.v Line: 19
    Warning (15610): No output dependent on input pin "I2C_data_in[7]" File: D:/QuartusCode/HW3/I2C.v Line: 19
    Warning (15610): No output dependent on input pin "sfr_wr" File: D:/QuartusCode/HW3/I2C.v Line: 18
Info (21057): Implemented 154 device resources after synthesis - the final resource count might be different
    Info (21058): Implemented 12 input pins
    Info (21059): Implemented 10 output pins
    Info (21060): Implemented 1 bidirectional pins
    Info (21061): Implemented 131 logic cells
Info: Quartus Prime Analysis & Synthesis was successful. 0 errors, 34 warnings
    Info: Peak virtual memory: 4749 megabytes
    Info: Processing ended: Wed May 27 16:30:00 2020
    Info: Elapsed time: 00:00:15
    Info: Total CPU time (on all processors): 00:00:31


